[0.278s] DEBUG:colcon:Command line arguments: ['/usr/bin/colcon', 'build']
[0.278s] DEBUG:colcon:Parsed command line arguments: Namespace(log_base=None, log_level=None, verb_name='build', build_base='build', install_base='install', merge_install=False, symlink_install=False, test_result_base=None, continue_on_error=False, executor='parallel', parallel_workers=12, event_handlers=None, ignore_user_meta=False, metas=['./colcon.meta'], base_paths=['.'], packages_ignore=None, packages_ignore_regex=None, paths=None, packages_up_to=None, packages_up_to_regex=None, packages_above=None, packages_above_and_dependencies=None, packages_above_depth=None, packages_select_by_dep=None, packages_skip_by_dep=None, packages_skip_up_to=None, packages_select_build_failed=False, packages_skip_build_finished=False, packages_select_test_failures=False, packages_skip_test_passed=False, packages_select=None, packages_skip=None, packages_select_regex=None, packages_skip_regex=None, packages_start=None, packages_end=None, allow_overriding=[], cmake_args=None, cmake_target=None, cmake_target_skip_unavailable=False, cmake_clean_cache=False, cmake_clean_first=False, cmake_force_configure=False, ament_cmake_args=None, catkin_cmake_args=None, catkin_skip_building_tests=False, verb_parser=<colcon_defaults.argument_parser.defaults.DefaultArgumentsDecorator object at 0x7f0c0bc7e950>, verb_extension=<colcon_core.verb.build.BuildVerb object at 0x7f0c0bc7e3e0>, main=<bound method BuildVerb.main of <colcon_core.verb.build.BuildVerb object at 0x7f0c0bc7e3e0>>)
[0.306s] Level 1:colcon.colcon_core.package_discovery:discover_packages(colcon_meta) check parameters
[0.306s] Level 1:colcon.colcon_core.package_discovery:discover_packages(recursive) check parameters
[0.306s] Level 1:colcon.colcon_core.package_discovery:discover_packages(ignore) check parameters
[0.306s] Level 1:colcon.colcon_core.package_discovery:discover_packages(path) check parameters
[0.306s] Level 1:colcon.colcon_core.package_discovery:discover_packages(colcon_meta) discover
[0.306s] Level 1:colcon.colcon_core.package_discovery:discover_packages(recursive) discover
[0.307s] INFO:colcon.colcon_core.package_discovery:Crawling recursively for packages in '/home/tarnished-dan22/ADV_ROBOTICS/bots/rand_walk'
[0.307s] Level 1:colcon.colcon_core.package_identification:_identify(.) by extensions ['ignore', 'ignore_ament_install']
[0.307s] Level 1:colcon.colcon_core.package_identification:_identify(.) by extension 'ignore'
[0.307s] Level 1:colcon.colcon_core.package_identification:_identify(.) by extension 'ignore_ament_install'
[0.307s] Level 1:colcon.colcon_core.package_identification:_identify(.) by extensions ['colcon_pkg']
[0.307s] Level 1:colcon.colcon_core.package_identification:_identify(.) by extension 'colcon_pkg'
[0.307s] Level 1:colcon.colcon_core.package_identification:_identify(.) by extensions ['colcon_meta']
[0.307s] Level 1:colcon.colcon_core.package_identification:_identify(.) by extension 'colcon_meta'
[0.307s] Level 1:colcon.colcon_core.package_identification:_identify(.) by extensions ['ros']
[0.307s] Level 1:colcon.colcon_core.package_identification:_identify(.) by extension 'ros'
[0.319s] Level 1:colcon.colcon_core.package_identification:_identify(.) by extensions ['cmake', 'python']
[0.319s] Level 1:colcon.colcon_core.package_identification:_identify(.) by extension 'cmake'
[0.320s] Level 1:colcon.colcon_core.package_identification:_identify(.) by extension 'python'
[0.320s] Level 1:colcon.colcon_core.package_identification:_identify(.) by extensions ['python_setup_py']
[0.320s] Level 1:colcon.colcon_core.package_identification:_identify(.) by extension 'python_setup_py'
[0.320s] Level 1:colcon.colcon_core.package_identification:_identify(__pycache__) by extensions ['ignore', 'ignore_ament_install']
[0.320s] Level 1:colcon.colcon_core.package_identification:_identify(__pycache__) by extension 'ignore'
[0.320s] Level 1:colcon.colcon_core.package_identification:_identify(__pycache__) by extension 'ignore_ament_install'
[0.320s] Level 1:colcon.colcon_core.package_identification:_identify(__pycache__) by extensions ['colcon_pkg']
[0.320s] Level 1:colcon.colcon_core.package_identification:_identify(__pycache__) by extension 'colcon_pkg'
[0.320s] Level 1:colcon.colcon_core.package_identification:_identify(__pycache__) by extensions ['colcon_meta']
[0.320s] Level 1:colcon.colcon_core.package_identification:_identify(__pycache__) by extension 'colcon_meta'
[0.320s] Level 1:colcon.colcon_core.package_identification:_identify(__pycache__) by extensions ['ros']
[0.320s] Level 1:colcon.colcon_core.package_identification:_identify(__pycache__) by extension 'ros'
[0.320s] Level 1:colcon.colcon_core.package_identification:_identify(__pycache__) by extensions ['cmake', 'python']
[0.320s] Level 1:colcon.colcon_core.package_identification:_identify(__pycache__) by extension 'cmake'
[0.320s] Level 1:colcon.colcon_core.package_identification:_identify(__pycache__) by extension 'python'
[0.320s] Level 1:colcon.colcon_core.package_identification:_identify(__pycache__) by extensions ['python_setup_py']
[0.320s] Level 1:colcon.colcon_core.package_identification:_identify(__pycache__) by extension 'python_setup_py'
[0.320s] Level 1:colcon.colcon_core.package_identification:_identify(build) by extensions ['ignore', 'ignore_ament_install']
[0.320s] Level 1:colcon.colcon_core.package_identification:_identify(build) by extension 'ignore'
[0.320s] Level 1:colcon.colcon_core.package_identification:_identify(build) ignored
[0.320s] Level 1:colcon.colcon_core.package_identification:_identify(install) by extensions ['ignore', 'ignore_ament_install']
[0.320s] Level 1:colcon.colcon_core.package_identification:_identify(install) by extension 'ignore'
[0.320s] Level 1:colcon.colcon_core.package_identification:_identify(install) ignored
[0.321s] Level 1:colcon.colcon_core.package_identification:_identify(irobot_create_msgs) by extensions ['ignore', 'ignore_ament_install']
[0.321s] Level 1:colcon.colcon_core.package_identification:_identify(irobot_create_msgs) by extension 'ignore'
[0.321s] Level 1:colcon.colcon_core.package_identification:_identify(irobot_create_msgs) by extension 'ignore_ament_install'
[0.321s] Level 1:colcon.colcon_core.package_identification:_identify(irobot_create_msgs) by extensions ['colcon_pkg']
[0.321s] Level 1:colcon.colcon_core.package_identification:_identify(irobot_create_msgs) by extension 'colcon_pkg'
[0.321s] Level 1:colcon.colcon_core.package_identification:_identify(irobot_create_msgs) by extensions ['colcon_meta']
[0.321s] Level 1:colcon.colcon_core.package_identification:_identify(irobot_create_msgs) by extension 'colcon_meta'
[0.321s] Level 1:colcon.colcon_core.package_identification:_identify(irobot_create_msgs) by extensions ['ros']
[0.321s] Level 1:colcon.colcon_core.package_identification:_identify(irobot_create_msgs) by extension 'ros'
[0.324s] DEBUG:colcon.colcon_core.package_identification:Package 'irobot_create_msgs' with type 'ros.ament_cmake' and name 'irobot_create_msgs'
[0.325s] Level 1:colcon.colcon_core.package_identification:_identify(log) by extensions ['ignore', 'ignore_ament_install']
[0.325s] Level 1:colcon.colcon_core.package_identification:_identify(log) by extension 'ignore'
[0.325s] Level 1:colcon.colcon_core.package_identification:_identify(log) ignored
[0.325s] Level 1:colcon.colcon_core.package_discovery:discover_packages(recursive) using defaults
[0.325s] Level 1:colcon.colcon_core.package_discovery:discover_packages(ignore) discover
[0.325s] Level 1:colcon.colcon_core.package_discovery:discover_packages(ignore) using defaults
[0.325s] Level 1:colcon.colcon_core.package_discovery:discover_packages(path) discover
[0.325s] Level 1:colcon.colcon_core.package_discovery:discover_packages(path) using defaults
[0.343s] Level 1:colcon.colcon_core.package_discovery:discover_packages(prefix_path) check parameters
[0.344s] Level 1:colcon.colcon_core.package_discovery:discover_packages(prefix_path) discover
[0.347s] DEBUG:colcon.colcon_installed_package_information.package_discovery:Found 282 installed packages in /opt/ros/humble
[0.348s] Level 1:colcon.colcon_core.package_discovery:discover_packages(prefix_path) using defaults
[0.393s] Level 5:colcon.colcon_core.verb:set package 'irobot_create_msgs' build argument 'cmake_args' from command line to 'None'
[0.393s] Level 5:colcon.colcon_core.verb:set package 'irobot_create_msgs' build argument 'cmake_target' from command line to 'None'
[0.393s] Level 5:colcon.colcon_core.verb:set package 'irobot_create_msgs' build argument 'cmake_target_skip_unavailable' from command line to 'False'
[0.393s] Level 5:colcon.colcon_core.verb:set package 'irobot_create_msgs' build argument 'cmake_clean_cache' from command line to 'False'
[0.393s] Level 5:colcon.colcon_core.verb:set package 'irobot_create_msgs' build argument 'cmake_clean_first' from command line to 'False'
[0.393s] Level 5:colcon.colcon_core.verb:set package 'irobot_create_msgs' build argument 'cmake_force_configure' from command line to 'False'
[0.393s] Level 5:colcon.colcon_core.verb:set package 'irobot_create_msgs' build argument 'ament_cmake_args' from command line to 'None'
[0.393s] Level 5:colcon.colcon_core.verb:set package 'irobot_create_msgs' build argument 'catkin_cmake_args' from command line to 'None'
[0.393s] Level 5:colcon.colcon_core.verb:set package 'irobot_create_msgs' build argument 'catkin_skip_building_tests' from command line to 'False'
[0.393s] DEBUG:colcon.colcon_core.verb:Building package 'irobot_create_msgs' with the following arguments: {'ament_cmake_args': None, 'build_base': '/home/tarnished-dan22/ADV_ROBOTICS/bots/rand_walk/build/irobot_create_msgs', 'catkin_cmake_args': None, 'catkin_skip_building_tests': False, 'cmake_args': None, 'cmake_clean_cache': False, 'cmake_clean_first': False, 'cmake_force_configure': False, 'cmake_target': None, 'cmake_target_skip_unavailable': False, 'install_base': '/home/tarnished-dan22/ADV_ROBOTICS/bots/rand_walk/install/irobot_create_msgs', 'merge_install': False, 'path': '/home/tarnished-dan22/ADV_ROBOTICS/bots/rand_walk/irobot_create_msgs', 'symlink_install': False, 'test_result_base': None}
[0.394s] INFO:colcon.colcon_core.executor:Executing jobs using 'parallel' executor
[0.396s] DEBUG:colcon.colcon_parallel_executor.executor.parallel:run_until_complete
[0.396s] INFO:colcon.colcon_ros.task.ament_cmake.build:Building ROS package in '/home/tarnished-dan22/ADV_ROBOTICS/bots/rand_walk/irobot_create_msgs' with build type 'ament_cmake'
[0.396s] INFO:colcon.colcon_cmake.task.cmake.build:Building CMake package in '/home/tarnished-dan22/ADV_ROBOTICS/bots/rand_walk/irobot_create_msgs'
[0.402s] INFO:colcon.colcon_core.plugin_system:Skipping extension 'colcon_core.shell.bat': Not used on non-Windows systems
[0.402s] INFO:colcon.colcon_core.shell:Skip shell extension 'powershell' for command environment: Not usable outside of PowerShell
[0.402s] DEBUG:colcon.colcon_core.shell:Skip shell extension 'dsv' for command environment
[0.409s] DEBUG:colcon.colcon_core.event_handler.log_command:Invoking command in '/home/tarnished-dan22/ADV_ROBOTICS/bots/rand_walk/build/irobot_create_msgs': CMAKE_PREFIX_PATH=/opt/ros/humble /usr/bin/cmake --build /home/tarnished-dan22/ADV_ROBOTICS/bots/rand_walk/build/irobot_create_msgs -- -j12 -l12
[0.856s] DEBUG:colcon.colcon_core.event_handler.log_command:Invoked command in '/home/tarnished-dan22/ADV_ROBOTICS/bots/rand_walk/build/irobot_create_msgs' returned '0': CMAKE_PREFIX_PATH=/opt/ros/humble /usr/bin/cmake --build /home/tarnished-dan22/ADV_ROBOTICS/bots/rand_walk/build/irobot_create_msgs -- -j12 -l12
[1.171s] DEBUG:colcon.colcon_core.event_handler.log_command:Invoking command in '/home/tarnished-dan22/ADV_ROBOTICS/bots/rand_walk/build/irobot_create_msgs': CMAKE_PREFIX_PATH=/opt/ros/humble /usr/bin/cmake --install /home/tarnished-dan22/ADV_ROBOTICS/bots/rand_walk/build/irobot_create_msgs
[1.307s] Level 1:colcon.colcon_core.environment:create_environment_scripts_only(irobot_create_msgs)
[1.308s] DEBUG:colcon.colcon_core.event_handler.log_command:Invoked command in '/home/tarnished-dan22/ADV_ROBOTICS/bots/rand_walk/build/irobot_create_msgs' returned '0': CMAKE_PREFIX_PATH=/opt/ros/humble /usr/bin/cmake --install /home/tarnished-dan22/ADV_ROBOTICS/bots/rand_walk/build/irobot_create_msgs
[1.315s] Level 1:colcon.colcon_core.environment:checking '/home/tarnished-dan22/ADV_ROBOTICS/bots/rand_walk/install/irobot_create_msgs' for CMake module files
[1.316s] Level 1:colcon.colcon_core.environment:checking '/home/tarnished-dan22/ADV_ROBOTICS/bots/rand_walk/install/irobot_create_msgs' for CMake config files
[1.316s] Level 1:colcon.colcon_core.shell:create_environment_hook('irobot_create_msgs', 'cmake_prefix_path')
[1.317s] INFO:colcon.colcon_core.shell:Creating environment hook '/home/tarnished-dan22/ADV_ROBOTICS/bots/rand_walk/install/irobot_create_msgs/share/irobot_create_msgs/hook/cmake_prefix_path.ps1'
[1.318s] INFO:colcon.colcon_core.shell:Creating environment descriptor '/home/tarnished-dan22/ADV_ROBOTICS/bots/rand_walk/install/irobot_create_msgs/share/irobot_create_msgs/hook/cmake_prefix_path.dsv'
[1.319s] INFO:colcon.colcon_core.shell:Creating environment hook '/home/tarnished-dan22/ADV_ROBOTICS/bots/rand_walk/install/irobot_create_msgs/share/irobot_create_msgs/hook/cmake_prefix_path.sh'
[1.320s] Level 1:colcon.colcon_core.environment:checking '/home/tarnished-dan22/ADV_ROBOTICS/bots/rand_walk/install/irobot_create_msgs/lib'
[1.320s] Level 1:colcon.colcon_core.shell:create_environment_hook('irobot_create_msgs', 'ld_library_path_lib')
[1.321s] INFO:colcon.colcon_core.shell:Creating environment hook '/home/tarnished-dan22/ADV_ROBOTICS/bots/rand_walk/install/irobot_create_msgs/share/irobot_create_msgs/hook/ld_library_path_lib.ps1'
[1.322s] INFO:colcon.colcon_core.shell:Creating environment descriptor '/home/tarnished-dan22/ADV_ROBOTICS/bots/rand_walk/install/irobot_create_msgs/share/irobot_create_msgs/hook/ld_library_path_lib.dsv'
[1.322s] INFO:colcon.colcon_core.shell:Creating environment hook '/home/tarnished-dan22/ADV_ROBOTICS/bots/rand_walk/install/irobot_create_msgs/share/irobot_create_msgs/hook/ld_library_path_lib.sh'
[1.322s] Level 1:colcon.colcon_core.environment:checking '/home/tarnished-dan22/ADV_ROBOTICS/bots/rand_walk/install/irobot_create_msgs/bin'
[1.322s] Level 1:colcon.colcon_core.environment:checking '/home/tarnished-dan22/ADV_ROBOTICS/bots/rand_walk/install/irobot_create_msgs/lib/pkgconfig/irobot_create_msgs.pc'
[1.322s] Level 1:colcon.colcon_core.environment:checking '/home/tarnished-dan22/ADV_ROBOTICS/bots/rand_walk/install/irobot_create_msgs/lib/python3.10/site-packages'
[1.323s] Level 1:colcon.colcon_core.environment:checking '/home/tarnished-dan22/ADV_ROBOTICS/bots/rand_walk/install/irobot_create_msgs/bin'
[1.324s] INFO:colcon.colcon_core.shell:Creating package script '/home/tarnished-dan22/ADV_ROBOTICS/bots/rand_walk/install/irobot_create_msgs/share/irobot_create_msgs/package.ps1'
[1.325s] INFO:colcon.colcon_core.shell:Creating package descriptor '/home/tarnished-dan22/ADV_ROBOTICS/bots/rand_walk/install/irobot_create_msgs/share/irobot_create_msgs/package.dsv'
[1.326s] INFO:colcon.colcon_core.shell:Creating package script '/home/tarnished-dan22/ADV_ROBOTICS/bots/rand_walk/install/irobot_create_msgs/share/irobot_create_msgs/package.sh'
[1.327s] INFO:colcon.colcon_core.shell:Creating package script '/home/tarnished-dan22/ADV_ROBOTICS/bots/rand_walk/install/irobot_create_msgs/share/irobot_create_msgs/package.bash'
[1.328s] INFO:colcon.colcon_core.shell:Creating package script '/home/tarnished-dan22/ADV_ROBOTICS/bots/rand_walk/install/irobot_create_msgs/share/irobot_create_msgs/package.zsh'
[1.329s] Level 1:colcon.colcon_core.environment:create_file_with_runtime_dependencies(/home/tarnished-dan22/ADV_ROBOTICS/bots/rand_walk/install/irobot_create_msgs/share/colcon-core/packages/irobot_create_msgs)
[1.645s] Level 1:colcon.colcon_core.environment:create_environment_scripts_only(irobot_create_msgs)
[1.646s] Level 1:colcon.colcon_core.environment:checking '/home/tarnished-dan22/ADV_ROBOTICS/bots/rand_walk/install/irobot_create_msgs' for CMake module files
[1.647s] Level 1:colcon.colcon_core.environment:checking '/home/tarnished-dan22/ADV_ROBOTICS/bots/rand_walk/install/irobot_create_msgs' for CMake config files
[1.647s] Level 1:colcon.colcon_core.shell:create_environment_hook('irobot_create_msgs', 'cmake_prefix_path')
[1.648s] INFO:colcon.colcon_core.shell:Creating environment hook '/home/tarnished-dan22/ADV_ROBOTICS/bots/rand_walk/install/irobot_create_msgs/share/irobot_create_msgs/hook/cmake_prefix_path.ps1'
[1.648s] INFO:colcon.colcon_core.shell:Creating environment descriptor '/home/tarnished-dan22/ADV_ROBOTICS/bots/rand_walk/install/irobot_create_msgs/share/irobot_create_msgs/hook/cmake_prefix_path.dsv'
[1.648s] INFO:colcon.colcon_core.shell:Creating environment hook '/home/tarnished-dan22/ADV_ROBOTICS/bots/rand_walk/install/irobot_create_msgs/share/irobot_create_msgs/hook/cmake_prefix_path.sh'
[1.649s] Level 1:colcon.colcon_core.environment:checking '/home/tarnished-dan22/ADV_ROBOTICS/bots/rand_walk/install/irobot_create_msgs/lib'
[1.649s] Level 1:colcon.colcon_core.shell:create_environment_hook('irobot_create_msgs', 'ld_library_path_lib')
[1.650s] INFO:colcon.colcon_core.shell:Creating environment hook '/home/tarnished-dan22/ADV_ROBOTICS/bots/rand_walk/install/irobot_create_msgs/share/irobot_create_msgs/hook/ld_library_path_lib.ps1'
[1.650s] INFO:colcon.colcon_core.shell:Creating environment descriptor '/home/tarnished-dan22/ADV_ROBOTICS/bots/rand_walk/install/irobot_create_msgs/share/irobot_create_msgs/hook/ld_library_path_lib.dsv'
[1.650s] INFO:colcon.colcon_core.shell:Creating environment hook '/home/tarnished-dan22/ADV_ROBOTICS/bots/rand_walk/install/irobot_create_msgs/share/irobot_create_msgs/hook/ld_library_path_lib.sh'
[1.650s] Level 1:colcon.colcon_core.environment:checking '/home/tarnished-dan22/ADV_ROBOTICS/bots/rand_walk/install/irobot_create_msgs/bin'
[1.650s] Level 1:colcon.colcon_core.environment:checking '/home/tarnished-dan22/ADV_ROBOTICS/bots/rand_walk/install/irobot_create_msgs/lib/pkgconfig/irobot_create_msgs.pc'
[1.651s] Level 1:colcon.colcon_core.environment:checking '/home/tarnished-dan22/ADV_ROBOTICS/bots/rand_walk/install/irobot_create_msgs/lib/python3.10/site-packages'
[1.651s] Level 1:colcon.colcon_core.environment:checking '/home/tarnished-dan22/ADV_ROBOTICS/bots/rand_walk/install/irobot_create_msgs/bin'
[1.652s] INFO:colcon.colcon_core.shell:Creating package script '/home/tarnished-dan22/ADV_ROBOTICS/bots/rand_walk/install/irobot_create_msgs/share/irobot_create_msgs/package.ps1'
[1.652s] INFO:colcon.colcon_core.shell:Creating package descriptor '/home/tarnished-dan22/ADV_ROBOTICS/bots/rand_walk/install/irobot_create_msgs/share/irobot_create_msgs/package.dsv'
[1.652s] INFO:colcon.colcon_core.shell:Creating package script '/home/tarnished-dan22/ADV_ROBOTICS/bots/rand_walk/install/irobot_create_msgs/share/irobot_create_msgs/package.sh'
[1.653s] INFO:colcon.colcon_core.shell:Creating package script '/home/tarnished-dan22/ADV_ROBOTICS/bots/rand_walk/install/irobot_create_msgs/share/irobot_create_msgs/package.bash'
[1.653s] INFO:colcon.colcon_core.shell:Creating package script '/home/tarnished-dan22/ADV_ROBOTICS/bots/rand_walk/install/irobot_create_msgs/share/irobot_create_msgs/package.zsh'
[1.653s] Level 1:colcon.colcon_core.environment:create_file_with_runtime_dependencies(/home/tarnished-dan22/ADV_ROBOTICS/bots/rand_walk/install/irobot_create_msgs/share/colcon-core/packages/irobot_create_msgs)
[1.653s] DEBUG:colcon.colcon_parallel_executor.executor.parallel:closing loop
[1.654s] DEBUG:colcon.colcon_parallel_executor.executor.parallel:loop closed
[1.654s] DEBUG:colcon.colcon_parallel_executor.executor.parallel:run_until_complete finished with '0'
[1.654s] DEBUG:colcon.colcon_core.event_reactor:joining thread
[1.710s] INFO:colcon.colcon_core.plugin_system:Skipping extension 'colcon_notification.desktop_notification.notify_send': Could not find 'notify-send'
[1.710s] INFO:colcon.colcon_core.plugin_system:Skipping extension 'colcon_notification.desktop_notification.terminal_notifier': Not used on non-Darwin systems
[1.710s] INFO:colcon.colcon_core.plugin_system:Skipping extension 'colcon_notification.desktop_notification.win32': Not used on non-Windows systems
[1.710s] INFO:colcon.colcon_notification.desktop_notification:Sending desktop notification using 'notify2'
[1.730s] DEBUG:colcon.colcon_core.event_reactor:joined thread
[1.732s] INFO:colcon.colcon_core.shell:Creating prefix script '/home/tarnished-dan22/ADV_ROBOTICS/bots/rand_walk/install/local_setup.ps1'
[1.733s] INFO:colcon.colcon_core.shell:Creating prefix util module '/home/tarnished-dan22/ADV_ROBOTICS/bots/rand_walk/install/_local_setup_util_ps1.py'
[1.734s] INFO:colcon.colcon_core.shell:Creating prefix chain script '/home/tarnished-dan22/ADV_ROBOTICS/bots/rand_walk/install/setup.ps1'
[1.736s] INFO:colcon.colcon_core.shell:Creating prefix script '/home/tarnished-dan22/ADV_ROBOTICS/bots/rand_walk/install/local_setup.sh'
[1.736s] INFO:colcon.colcon_core.shell:Creating prefix util module '/home/tarnished-dan22/ADV_ROBOTICS/bots/rand_walk/install/_local_setup_util_sh.py'
[1.737s] INFO:colcon.colcon_core.shell:Creating prefix chain script '/home/tarnished-dan22/ADV_ROBOTICS/bots/rand_walk/install/setup.sh'
[1.738s] INFO:colcon.colcon_core.shell:Creating prefix script '/home/tarnished-dan22/ADV_ROBOTICS/bots/rand_walk/install/local_setup.bash'
[1.738s] INFO:colcon.colcon_core.shell:Creating prefix chain script '/home/tarnished-dan22/ADV_ROBOTICS/bots/rand_walk/install/setup.bash'
[1.740s] INFO:colcon.colcon_core.shell:Creating prefix script '/home/tarnished-dan22/ADV_ROBOTICS/bots/rand_walk/install/local_setup.zsh'
[1.740s] INFO:colcon.colcon_core.shell:Creating prefix chain script '/home/tarnished-dan22/ADV_ROBOTICS/bots/rand_walk/install/setup.zsh'
