[0.491s] DEBUG:colcon:Command line arguments: ['/usr/bin/colcon', 'build']
[0.491s] DEBUG:colcon:Parsed command line arguments: Namespace(log_base=None, log_level=None, verb_name='build', build_base='build', install_base='install', merge_install=False, symlink_install=False, test_result_base=None, continue_on_error=False, executor='parallel', parallel_workers=12, event_handlers=None, ignore_user_meta=False, metas=['./colcon.meta'], base_paths=['.'], packages_ignore=None, packages_ignore_regex=None, paths=None, packages_up_to=None, packages_up_to_regex=None, packages_above=None, packages_above_and_dependencies=None, packages_above_depth=None, packages_select_by_dep=None, packages_skip_by_dep=None, packages_skip_up_to=None, packages_select_build_failed=False, packages_skip_build_finished=False, packages_select_test_failures=False, packages_skip_test_passed=False, packages_select=None, packages_skip=None, packages_select_regex=None, packages_skip_regex=None, packages_start=None, packages_end=None, allow_overriding=[], cmake_args=None, cmake_target=None, cmake_target_skip_unavailable=False, cmake_clean_cache=False, cmake_clean_first=False, cmake_force_configure=False, ament_cmake_args=None, catkin_cmake_args=None, catkin_skip_building_tests=False, verb_parser=<colcon_defaults.argument_parser.defaults.DefaultArgumentsDecorator object at 0x7fbf902be7a0>, verb_extension=<colcon_core.verb.build.BuildVerb object at 0x7fbf902be230>, main=<bound method BuildVerb.main of <colcon_core.verb.build.BuildVerb object at 0x7fbf902be230>>)
[0.534s] Level 1:colcon.colcon_core.package_discovery:discover_packages(colcon_meta) check parameters
[0.534s] Level 1:colcon.colcon_core.package_discovery:discover_packages(recursive) check parameters
[0.534s] Level 1:colcon.colcon_core.package_discovery:discover_packages(ignore) check parameters
[0.534s] Level 1:colcon.colcon_core.package_discovery:discover_packages(path) check parameters
[0.534s] Level 1:colcon.colcon_core.package_discovery:discover_packages(colcon_meta) discover
[0.534s] Level 1:colcon.colcon_core.package_discovery:discover_packages(recursive) discover
[0.534s] INFO:colcon.colcon_core.package_discovery:Crawling recursively for packages in '/home/tarnished-dan22/ADV_ROBOTICS/bots/rand_walk'
[0.534s] Level 1:colcon.colcon_core.package_identification:_identify(.) by extensions ['ignore', 'ignore_ament_install']
[0.534s] Level 1:colcon.colcon_core.package_identification:_identify(.) by extension 'ignore'
[0.534s] Level 1:colcon.colcon_core.package_identification:_identify(.) by extension 'ignore_ament_install'
[0.534s] Level 1:colcon.colcon_core.package_identification:_identify(.) by extensions ['colcon_pkg']
[0.534s] Level 1:colcon.colcon_core.package_identification:_identify(.) by extension 'colcon_pkg'
[0.534s] Level 1:colcon.colcon_core.package_identification:_identify(.) by extensions ['colcon_meta']
[0.534s] Level 1:colcon.colcon_core.package_identification:_identify(.) by extension 'colcon_meta'
[0.534s] Level 1:colcon.colcon_core.package_identification:_identify(.) by extensions ['ros']
[0.534s] Level 1:colcon.colcon_core.package_identification:_identify(.) by extension 'ros'
[0.546s] Level 1:colcon.colcon_core.package_identification:_identify(.) by extensions ['cmake', 'python']
[0.546s] Level 1:colcon.colcon_core.package_identification:_identify(.) by extension 'cmake'
[0.546s] Level 1:colcon.colcon_core.package_identification:_identify(.) by extension 'python'
[0.546s] Level 1:colcon.colcon_core.package_identification:_identify(.) by extensions ['python_setup_py']
[0.546s] Level 1:colcon.colcon_core.package_identification:_identify(.) by extension 'python_setup_py'
[0.547s] Level 1:colcon.colcon_core.package_identification:_identify(__pycache__) by extensions ['ignore', 'ignore_ament_install']
[0.547s] Level 1:colcon.colcon_core.package_identification:_identify(__pycache__) by extension 'ignore'
[0.547s] Level 1:colcon.colcon_core.package_identification:_identify(__pycache__) by extension 'ignore_ament_install'
[0.547s] Level 1:colcon.colcon_core.package_identification:_identify(__pycache__) by extensions ['colcon_pkg']
[0.547s] Level 1:colcon.colcon_core.package_identification:_identify(__pycache__) by extension 'colcon_pkg'
[0.547s] Level 1:colcon.colcon_core.package_identification:_identify(__pycache__) by extensions ['colcon_meta']
[0.547s] Level 1:colcon.colcon_core.package_identification:_identify(__pycache__) by extension 'colcon_meta'
[0.548s] Level 1:colcon.colcon_core.package_identification:_identify(__pycache__) by extensions ['ros']
[0.548s] Level 1:colcon.colcon_core.package_identification:_identify(__pycache__) by extension 'ros'
[0.548s] Level 1:colcon.colcon_core.package_identification:_identify(__pycache__) by extensions ['cmake', 'python']
[0.548s] Level 1:colcon.colcon_core.package_identification:_identify(__pycache__) by extension 'cmake'
[0.548s] Level 1:colcon.colcon_core.package_identification:_identify(__pycache__) by extension 'python'
[0.548s] Level 1:colcon.colcon_core.package_identification:_identify(__pycache__) by extensions ['python_setup_py']
[0.548s] Level 1:colcon.colcon_core.package_identification:_identify(__pycache__) by extension 'python_setup_py'
[0.548s] Level 1:colcon.colcon_core.package_identification:_identify(build) by extensions ['ignore', 'ignore_ament_install']
[0.548s] Level 1:colcon.colcon_core.package_identification:_identify(build) by extension 'ignore'
[0.548s] Level 1:colcon.colcon_core.package_identification:_identify(build) ignored
[0.548s] Level 1:colcon.colcon_core.package_identification:_identify(install) by extensions ['ignore', 'ignore_ament_install']
[0.548s] Level 1:colcon.colcon_core.package_identification:_identify(install) by extension 'ignore'
[0.548s] Level 1:colcon.colcon_core.package_identification:_identify(install) ignored
[0.548s] Level 1:colcon.colcon_core.package_identification:_identify(irobot_create_msgs) by extensions ['ignore', 'ignore_ament_install']
[0.548s] Level 1:colcon.colcon_core.package_identification:_identify(irobot_create_msgs) by extension 'ignore'
[0.548s] Level 1:colcon.colcon_core.package_identification:_identify(irobot_create_msgs) by extension 'ignore_ament_install'
[0.548s] Level 1:colcon.colcon_core.package_identification:_identify(irobot_create_msgs) by extensions ['colcon_pkg']
[0.548s] Level 1:colcon.colcon_core.package_identification:_identify(irobot_create_msgs) by extension 'colcon_pkg'
[0.548s] Level 1:colcon.colcon_core.package_identification:_identify(irobot_create_msgs) by extensions ['colcon_meta']
[0.548s] Level 1:colcon.colcon_core.package_identification:_identify(irobot_create_msgs) by extension 'colcon_meta'
[0.549s] Level 1:colcon.colcon_core.package_identification:_identify(irobot_create_msgs) by extensions ['ros']
[0.549s] Level 1:colcon.colcon_core.package_identification:_identify(irobot_create_msgs) by extension 'ros'
[0.551s] DEBUG:colcon.colcon_core.package_identification:Package 'irobot_create_msgs' with type 'ros.ament_cmake' and name 'irobot_create_msgs'
[0.551s] Level 1:colcon.colcon_core.package_identification:_identify(log) by extensions ['ignore', 'ignore_ament_install']
[0.551s] Level 1:colcon.colcon_core.package_identification:_identify(log) by extension 'ignore'
[0.551s] Level 1:colcon.colcon_core.package_identification:_identify(log) ignored
[0.551s] Level 1:colcon.colcon_core.package_discovery:discover_packages(recursive) using defaults
[0.551s] Level 1:colcon.colcon_core.package_discovery:discover_packages(ignore) discover
[0.551s] Level 1:colcon.colcon_core.package_discovery:discover_packages(ignore) using defaults
[0.551s] Level 1:colcon.colcon_core.package_discovery:discover_packages(path) discover
[0.551s] Level 1:colcon.colcon_core.package_discovery:discover_packages(path) using defaults
[0.579s] Level 1:colcon.colcon_core.package_discovery:discover_packages(prefix_path) check parameters
[0.579s] Level 1:colcon.colcon_core.package_discovery:discover_packages(prefix_path) discover
[0.582s] DEBUG:colcon.colcon_installed_package_information.package_discovery:Found 282 installed packages in /opt/ros/humble
[0.583s] Level 1:colcon.colcon_core.package_discovery:discover_packages(prefix_path) using defaults
[0.625s] Level 5:colcon.colcon_core.verb:set package 'irobot_create_msgs' build argument 'cmake_args' from command line to 'None'
[0.625s] Level 5:colcon.colcon_core.verb:set package 'irobot_create_msgs' build argument 'cmake_target' from command line to 'None'
[0.625s] Level 5:colcon.colcon_core.verb:set package 'irobot_create_msgs' build argument 'cmake_target_skip_unavailable' from command line to 'False'
[0.625s] Level 5:colcon.colcon_core.verb:set package 'irobot_create_msgs' build argument 'cmake_clean_cache' from command line to 'False'
[0.625s] Level 5:colcon.colcon_core.verb:set package 'irobot_create_msgs' build argument 'cmake_clean_first' from command line to 'False'
[0.625s] Level 5:colcon.colcon_core.verb:set package 'irobot_create_msgs' build argument 'cmake_force_configure' from command line to 'False'
[0.625s] Level 5:colcon.colcon_core.verb:set package 'irobot_create_msgs' build argument 'ament_cmake_args' from command line to 'None'
[0.625s] Level 5:colcon.colcon_core.verb:set package 'irobot_create_msgs' build argument 'catkin_cmake_args' from command line to 'None'
[0.626s] Level 5:colcon.colcon_core.verb:set package 'irobot_create_msgs' build argument 'catkin_skip_building_tests' from command line to 'False'
[0.626s] DEBUG:colcon.colcon_core.verb:Building package 'irobot_create_msgs' with the following arguments: {'ament_cmake_args': None, 'build_base': '/home/tarnished-dan22/ADV_ROBOTICS/bots/rand_walk/build/irobot_create_msgs', 'catkin_cmake_args': None, 'catkin_skip_building_tests': False, 'cmake_args': None, 'cmake_clean_cache': False, 'cmake_clean_first': False, 'cmake_force_configure': False, 'cmake_target': None, 'cmake_target_skip_unavailable': False, 'install_base': '/home/tarnished-dan22/ADV_ROBOTICS/bots/rand_walk/install/irobot_create_msgs', 'merge_install': False, 'path': '/home/tarnished-dan22/ADV_ROBOTICS/bots/rand_walk/irobot_create_msgs', 'symlink_install': False, 'test_result_base': None}
[0.626s] INFO:colcon.colcon_core.executor:Executing jobs using 'parallel' executor
[0.628s] DEBUG:colcon.colcon_parallel_executor.executor.parallel:run_until_complete
[0.628s] INFO:colcon.colcon_ros.task.ament_cmake.build:Building ROS package in '/home/tarnished-dan22/ADV_ROBOTICS/bots/rand_walk/irobot_create_msgs' with build type 'ament_cmake'
[0.629s] INFO:colcon.colcon_cmake.task.cmake.build:Building CMake package in '/home/tarnished-dan22/ADV_ROBOTICS/bots/rand_walk/irobot_create_msgs'
[0.635s] INFO:colcon.colcon_core.plugin_system:Skipping extension 'colcon_core.shell.bat': Not used on non-Windows systems
[0.635s] INFO:colcon.colcon_core.shell:Skip shell extension 'powershell' for command environment: Not usable outside of PowerShell
[0.635s] DEBUG:colcon.colcon_core.shell:Skip shell extension 'dsv' for command environment
[0.644s] DEBUG:colcon.colcon_core.event_handler.log_command:Invoking command in '/home/tarnished-dan22/ADV_ROBOTICS/bots/rand_walk/build/irobot_create_msgs': CMAKE_PREFIX_PATH=/opt/ros/humble /usr/bin/cmake --build /home/tarnished-dan22/ADV_ROBOTICS/bots/rand_walk/build/irobot_create_msgs -- -j12 -l12
[1.224s] DEBUG:colcon.colcon_core.event_handler.log_command:Invoked command in '/home/tarnished-dan22/ADV_ROBOTICS/bots/rand_walk/build/irobot_create_msgs' returned '0': CMAKE_PREFIX_PATH=/opt/ros/humble /usr/bin/cmake --build /home/tarnished-dan22/ADV_ROBOTICS/bots/rand_walk/build/irobot_create_msgs -- -j12 -l12
[1.549s] DEBUG:colcon.colcon_core.event_handler.log_command:Invoking command in '/home/tarnished-dan22/ADV_ROBOTICS/bots/rand_walk/build/irobot_create_msgs': CMAKE_PREFIX_PATH=/opt/ros/humble /usr/bin/cmake --install /home/tarnished-dan22/ADV_ROBOTICS/bots/rand_walk/build/irobot_create_msgs
[1.668s] Level 1:colcon.colcon_core.environment:create_environment_scripts_only(irobot_create_msgs)
[1.669s] DEBUG:colcon.colcon_core.event_handler.log_command:Invoked command in '/home/tarnished-dan22/ADV_ROBOTICS/bots/rand_walk/build/irobot_create_msgs' returned '0': CMAKE_PREFIX_PATH=/opt/ros/humble /usr/bin/cmake --install /home/tarnished-dan22/ADV_ROBOTICS/bots/rand_walk/build/irobot_create_msgs
[1.676s] Level 1:colcon.colcon_core.environment:checking '/home/tarnished-dan22/ADV_ROBOTICS/bots/rand_walk/install/irobot_create_msgs' for CMake module files
[1.676s] Level 1:colcon.colcon_core.environment:checking '/home/tarnished-dan22/ADV_ROBOTICS/bots/rand_walk/install/irobot_create_msgs' for CMake config files
[1.677s] Level 1:colcon.colcon_core.shell:create_environment_hook('irobot_create_msgs', 'cmake_prefix_path')
[1.677s] INFO:colcon.colcon_core.shell:Creating environment hook '/home/tarnished-dan22/ADV_ROBOTICS/bots/rand_walk/install/irobot_create_msgs/share/irobot_create_msgs/hook/cmake_prefix_path.ps1'
[1.678s] INFO:colcon.colcon_core.shell:Creating environment descriptor '/home/tarnished-dan22/ADV_ROBOTICS/bots/rand_walk/install/irobot_create_msgs/share/irobot_create_msgs/hook/cmake_prefix_path.dsv'
[1.679s] INFO:colcon.colcon_core.shell:Creating environment hook '/home/tarnished-dan22/ADV_ROBOTICS/bots/rand_walk/install/irobot_create_msgs/share/irobot_create_msgs/hook/cmake_prefix_path.sh'
[1.680s] Level 1:colcon.colcon_core.environment:checking '/home/tarnished-dan22/ADV_ROBOTICS/bots/rand_walk/install/irobot_create_msgs/lib'
[1.680s] Level 1:colcon.colcon_core.shell:create_environment_hook('irobot_create_msgs', 'ld_library_path_lib')
[1.681s] INFO:colcon.colcon_core.shell:Creating environment hook '/home/tarnished-dan22/ADV_ROBOTICS/bots/rand_walk/install/irobot_create_msgs/share/irobot_create_msgs/hook/ld_library_path_lib.ps1'
[1.681s] INFO:colcon.colcon_core.shell:Creating environment descriptor '/home/tarnished-dan22/ADV_ROBOTICS/bots/rand_walk/install/irobot_create_msgs/share/irobot_create_msgs/hook/ld_library_path_lib.dsv'
[1.681s] INFO:colcon.colcon_core.shell:Creating environment hook '/home/tarnished-dan22/ADV_ROBOTICS/bots/rand_walk/install/irobot_create_msgs/share/irobot_create_msgs/hook/ld_library_path_lib.sh'
[1.681s] Level 1:colcon.colcon_core.environment:checking '/home/tarnished-dan22/ADV_ROBOTICS/bots/rand_walk/install/irobot_create_msgs/bin'
[1.681s] Level 1:colcon.colcon_core.environment:checking '/home/tarnished-dan22/ADV_ROBOTICS/bots/rand_walk/install/irobot_create_msgs/lib/pkgconfig/irobot_create_msgs.pc'
[1.682s] Level 1:colcon.colcon_core.environment:checking '/home/tarnished-dan22/ADV_ROBOTICS/bots/rand_walk/install/irobot_create_msgs/lib/python3.10/site-packages'
[1.682s] Level 1:colcon.colcon_core.environment:checking '/home/tarnished-dan22/ADV_ROBOTICS/bots/rand_walk/install/irobot_create_msgs/bin'
[1.683s] INFO:colcon.colcon_core.shell:Creating package script '/home/tarnished-dan22/ADV_ROBOTICS/bots/rand_walk/install/irobot_create_msgs/share/irobot_create_msgs/package.ps1'
[1.683s] INFO:colcon.colcon_core.shell:Creating package descriptor '/home/tarnished-dan22/ADV_ROBOTICS/bots/rand_walk/install/irobot_create_msgs/share/irobot_create_msgs/package.dsv'
[1.684s] INFO:colcon.colcon_core.shell:Creating package script '/home/tarnished-dan22/ADV_ROBOTICS/bots/rand_walk/install/irobot_create_msgs/share/irobot_create_msgs/package.sh'
[1.685s] INFO:colcon.colcon_core.shell:Creating package script '/home/tarnished-dan22/ADV_ROBOTICS/bots/rand_walk/install/irobot_create_msgs/share/irobot_create_msgs/package.bash'
[1.685s] INFO:colcon.colcon_core.shell:Creating package script '/home/tarnished-dan22/ADV_ROBOTICS/bots/rand_walk/install/irobot_create_msgs/share/irobot_create_msgs/package.zsh'
[1.686s] Level 1:colcon.colcon_core.environment:create_file_with_runtime_dependencies(/home/tarnished-dan22/ADV_ROBOTICS/bots/rand_walk/install/irobot_create_msgs/share/colcon-core/packages/irobot_create_msgs)
[2.003s] Level 1:colcon.colcon_core.environment:create_environment_scripts_only(irobot_create_msgs)
[2.005s] Level 1:colcon.colcon_core.environment:checking '/home/tarnished-dan22/ADV_ROBOTICS/bots/rand_walk/install/irobot_create_msgs' for CMake module files
[2.005s] Level 1:colcon.colcon_core.environment:checking '/home/tarnished-dan22/ADV_ROBOTICS/bots/rand_walk/install/irobot_create_msgs' for CMake config files
[2.005s] Level 1:colcon.colcon_core.shell:create_environment_hook('irobot_create_msgs', 'cmake_prefix_path')
[2.007s] INFO:colcon.colcon_core.shell:Creating environment hook '/home/tarnished-dan22/ADV_ROBOTICS/bots/rand_walk/install/irobot_create_msgs/share/irobot_create_msgs/hook/cmake_prefix_path.ps1'
[2.007s] INFO:colcon.colcon_core.shell:Creating environment descriptor '/home/tarnished-dan22/ADV_ROBOTICS/bots/rand_walk/install/irobot_create_msgs/share/irobot_create_msgs/hook/cmake_prefix_path.dsv'
[2.007s] INFO:colcon.colcon_core.shell:Creating environment hook '/home/tarnished-dan22/ADV_ROBOTICS/bots/rand_walk/install/irobot_create_msgs/share/irobot_create_msgs/hook/cmake_prefix_path.sh'
[2.007s] Level 1:colcon.colcon_core.environment:checking '/home/tarnished-dan22/ADV_ROBOTICS/bots/rand_walk/install/irobot_create_msgs/lib'
[2.007s] Level 1:colcon.colcon_core.shell:create_environment_hook('irobot_create_msgs', 'ld_library_path_lib')
[2.008s] INFO:colcon.colcon_core.shell:Creating environment hook '/home/tarnished-dan22/ADV_ROBOTICS/bots/rand_walk/install/irobot_create_msgs/share/irobot_create_msgs/hook/ld_library_path_lib.ps1'
[2.009s] INFO:colcon.colcon_core.shell:Creating environment descriptor '/home/tarnished-dan22/ADV_ROBOTICS/bots/rand_walk/install/irobot_create_msgs/share/irobot_create_msgs/hook/ld_library_path_lib.dsv'
[2.009s] INFO:colcon.colcon_core.shell:Creating environment hook '/home/tarnished-dan22/ADV_ROBOTICS/bots/rand_walk/install/irobot_create_msgs/share/irobot_create_msgs/hook/ld_library_path_lib.sh'
[2.009s] Level 1:colcon.colcon_core.environment:checking '/home/tarnished-dan22/ADV_ROBOTICS/bots/rand_walk/install/irobot_create_msgs/bin'
[2.009s] Level 1:colcon.colcon_core.environment:checking '/home/tarnished-dan22/ADV_ROBOTICS/bots/rand_walk/install/irobot_create_msgs/lib/pkgconfig/irobot_create_msgs.pc'
[2.009s] Level 1:colcon.colcon_core.environment:checking '/home/tarnished-dan22/ADV_ROBOTICS/bots/rand_walk/install/irobot_create_msgs/lib/python3.10/site-packages'
[2.009s] Level 1:colcon.colcon_core.environment:checking '/home/tarnished-dan22/ADV_ROBOTICS/bots/rand_walk/install/irobot_create_msgs/bin'
[2.010s] INFO:colcon.colcon_core.shell:Creating package script '/home/tarnished-dan22/ADV_ROBOTICS/bots/rand_walk/install/irobot_create_msgs/share/irobot_create_msgs/package.ps1'
[2.011s] INFO:colcon.colcon_core.shell:Creating package descriptor '/home/tarnished-dan22/ADV_ROBOTICS/bots/rand_walk/install/irobot_create_msgs/share/irobot_create_msgs/package.dsv'
[2.011s] INFO:colcon.colcon_core.shell:Creating package script '/home/tarnished-dan22/ADV_ROBOTICS/bots/rand_walk/install/irobot_create_msgs/share/irobot_create_msgs/package.sh'
[2.011s] INFO:colcon.colcon_core.shell:Creating package script '/home/tarnished-dan22/ADV_ROBOTICS/bots/rand_walk/install/irobot_create_msgs/share/irobot_create_msgs/package.bash'
[2.011s] INFO:colcon.colcon_core.shell:Creating package script '/home/tarnished-dan22/ADV_ROBOTICS/bots/rand_walk/install/irobot_create_msgs/share/irobot_create_msgs/package.zsh'
[2.012s] Level 1:colcon.colcon_core.environment:create_file_with_runtime_dependencies(/home/tarnished-dan22/ADV_ROBOTICS/bots/rand_walk/install/irobot_create_msgs/share/colcon-core/packages/irobot_create_msgs)
[2.012s] DEBUG:colcon.colcon_parallel_executor.executor.parallel:closing loop
[2.012s] DEBUG:colcon.colcon_parallel_executor.executor.parallel:loop closed
[2.012s] DEBUG:colcon.colcon_parallel_executor.executor.parallel:run_until_complete finished with '0'
[2.012s] DEBUG:colcon.colcon_core.event_reactor:joining thread
[2.043s] INFO:colcon.colcon_core.plugin_system:Skipping extension 'colcon_notification.desktop_notification.notify_send': Could not find 'notify-send'
[2.043s] INFO:colcon.colcon_core.plugin_system:Skipping extension 'colcon_notification.desktop_notification.terminal_notifier': Not used on non-Darwin systems
[2.043s] INFO:colcon.colcon_core.plugin_system:Skipping extension 'colcon_notification.desktop_notification.win32': Not used on non-Windows systems
[2.043s] INFO:colcon.colcon_notification.desktop_notification:Sending desktop notification using 'notify2'
[2.063s] DEBUG:colcon.colcon_core.event_reactor:joined thread
[2.064s] INFO:colcon.colcon_core.shell:Creating prefix script '/home/tarnished-dan22/ADV_ROBOTICS/bots/rand_walk/install/local_setup.ps1'
[2.065s] INFO:colcon.colcon_core.shell:Creating prefix util module '/home/tarnished-dan22/ADV_ROBOTICS/bots/rand_walk/install/_local_setup_util_ps1.py'
[2.066s] INFO:colcon.colcon_core.shell:Creating prefix chain script '/home/tarnished-dan22/ADV_ROBOTICS/bots/rand_walk/install/setup.ps1'
[2.067s] INFO:colcon.colcon_core.shell:Creating prefix script '/home/tarnished-dan22/ADV_ROBOTICS/bots/rand_walk/install/local_setup.sh'
[2.068s] INFO:colcon.colcon_core.shell:Creating prefix util module '/home/tarnished-dan22/ADV_ROBOTICS/bots/rand_walk/install/_local_setup_util_sh.py'
[2.068s] INFO:colcon.colcon_core.shell:Creating prefix chain script '/home/tarnished-dan22/ADV_ROBOTICS/bots/rand_walk/install/setup.sh'
[2.070s] INFO:colcon.colcon_core.shell:Creating prefix script '/home/tarnished-dan22/ADV_ROBOTICS/bots/rand_walk/install/local_setup.bash'
[2.070s] INFO:colcon.colcon_core.shell:Creating prefix chain script '/home/tarnished-dan22/ADV_ROBOTICS/bots/rand_walk/install/setup.bash'
[2.071s] INFO:colcon.colcon_core.shell:Creating prefix script '/home/tarnished-dan22/ADV_ROBOTICS/bots/rand_walk/install/local_setup.zsh'
[2.072s] INFO:colcon.colcon_core.shell:Creating prefix chain script '/home/tarnished-dan22/ADV_ROBOTICS/bots/rand_walk/install/setup.zsh'
