[0.226s] DEBUG:colcon:Command line arguments: ['/usr/bin/colcon', 'build']
[0.226s] DEBUG:colcon:Parsed command line arguments: Namespace(log_base=None, log_level=None, verb_name='build', build_base='build', install_base='install', merge_install=False, symlink_install=False, test_result_base=None, continue_on_error=False, executor='parallel', parallel_workers=12, event_handlers=None, ignore_user_meta=False, metas=['./colcon.meta'], base_paths=['.'], packages_ignore=None, packages_ignore_regex=None, paths=None, packages_up_to=None, packages_up_to_regex=None, packages_above=None, packages_above_and_dependencies=None, packages_above_depth=None, packages_select_by_dep=None, packages_skip_by_dep=None, packages_skip_up_to=None, packages_select_build_failed=False, packages_skip_build_finished=False, packages_select_test_failures=False, packages_skip_test_passed=False, packages_select=None, packages_skip=None, packages_select_regex=None, packages_skip_regex=None, packages_start=None, packages_end=None, allow_overriding=[], cmake_args=None, cmake_target=None, cmake_target_skip_unavailable=False, cmake_clean_cache=False, cmake_clean_first=False, cmake_force_configure=False, ament_cmake_args=None, catkin_cmake_args=None, catkin_skip_building_tests=False, verb_parser=<colcon_defaults.argument_parser.defaults.DefaultArgumentsDecorator object at 0x7fc8fd2bd870>, verb_extension=<colcon_core.verb.build.BuildVerb object at 0x7fc8fd2bd300>, main=<bound method BuildVerb.main of <colcon_core.verb.build.BuildVerb object at 0x7fc8fd2bd300>>)
[0.338s] Level 1:colcon.colcon_core.package_discovery:discover_packages(colcon_meta) check parameters
[0.338s] Level 1:colcon.colcon_core.package_discovery:discover_packages(recursive) check parameters
[0.338s] Level 1:colcon.colcon_core.package_discovery:discover_packages(ignore) check parameters
[0.338s] Level 1:colcon.colcon_core.package_discovery:discover_packages(path) check parameters
[0.338s] Level 1:colcon.colcon_core.package_discovery:discover_packages(colcon_meta) discover
[0.338s] Level 1:colcon.colcon_core.package_discovery:discover_packages(recursive) discover
[0.338s] INFO:colcon.colcon_core.package_discovery:Crawling recursively for packages in '/home/tarnished-dan22/UofI/bots'
[0.338s] Level 1:colcon.colcon_core.package_identification:_identify(.) by extensions ['ignore', 'ignore_ament_install']
[0.338s] Level 1:colcon.colcon_core.package_identification:_identify(.) by extension 'ignore'
[0.339s] Level 1:colcon.colcon_core.package_identification:_identify(.) by extension 'ignore_ament_install'
[0.339s] Level 1:colcon.colcon_core.package_identification:_identify(.) by extensions ['colcon_pkg']
[0.339s] Level 1:colcon.colcon_core.package_identification:_identify(.) by extension 'colcon_pkg'
[0.339s] Level 1:colcon.colcon_core.package_identification:_identify(.) by extensions ['colcon_meta']
[0.339s] Level 1:colcon.colcon_core.package_identification:_identify(.) by extension 'colcon_meta'
[0.339s] Level 1:colcon.colcon_core.package_identification:_identify(.) by extensions ['ros']
[0.339s] Level 1:colcon.colcon_core.package_identification:_identify(.) by extension 'ros'
[0.349s] Level 1:colcon.colcon_core.package_identification:_identify(.) by extensions ['cmake', 'python']
[0.349s] Level 1:colcon.colcon_core.package_identification:_identify(.) by extension 'cmake'
[0.349s] Level 1:colcon.colcon_core.package_identification:_identify(.) by extension 'python'
[0.349s] Level 1:colcon.colcon_core.package_identification:_identify(.) by extensions ['python_setup_py']
[0.349s] Level 1:colcon.colcon_core.package_identification:_identify(.) by extension 'python_setup_py'
[0.349s] Level 1:colcon.colcon_core.package_identification:_identify(build) by extensions ['ignore', 'ignore_ament_install']
[0.349s] Level 1:colcon.colcon_core.package_identification:_identify(build) by extension 'ignore'
[0.349s] Level 1:colcon.colcon_core.package_identification:_identify(build) ignored
[0.349s] Level 1:colcon.colcon_core.package_identification:_identify(install) by extensions ['ignore', 'ignore_ament_install']
[0.349s] Level 1:colcon.colcon_core.package_identification:_identify(install) by extension 'ignore'
[0.349s] Level 1:colcon.colcon_core.package_identification:_identify(install) ignored
[0.349s] Level 1:colcon.colcon_core.package_identification:_identify(irobot_create_msgs) by extensions ['ignore', 'ignore_ament_install']
[0.349s] Level 1:colcon.colcon_core.package_identification:_identify(irobot_create_msgs) by extension 'ignore'
[0.349s] Level 1:colcon.colcon_core.package_identification:_identify(irobot_create_msgs) by extension 'ignore_ament_install'
[0.349s] Level 1:colcon.colcon_core.package_identification:_identify(irobot_create_msgs) by extensions ['colcon_pkg']
[0.350s] Level 1:colcon.colcon_core.package_identification:_identify(irobot_create_msgs) by extension 'colcon_pkg'
[0.350s] Level 1:colcon.colcon_core.package_identification:_identify(irobot_create_msgs) by extensions ['colcon_meta']
[0.350s] Level 1:colcon.colcon_core.package_identification:_identify(irobot_create_msgs) by extension 'colcon_meta'
[0.350s] Level 1:colcon.colcon_core.package_identification:_identify(irobot_create_msgs) by extensions ['ros']
[0.350s] Level 1:colcon.colcon_core.package_identification:_identify(irobot_create_msgs) by extension 'ros'
[0.352s] DEBUG:colcon.colcon_core.package_identification:Package 'irobot_create_msgs' with type 'ros.ament_cmake' and name 'irobot_create_msgs'
[0.352s] Level 1:colcon.colcon_core.package_identification:_identify(log) by extensions ['ignore', 'ignore_ament_install']
[0.352s] Level 1:colcon.colcon_core.package_identification:_identify(log) by extension 'ignore'
[0.352s] Level 1:colcon.colcon_core.package_identification:_identify(log) ignored
[0.352s] Level 1:colcon.colcon_core.package_identification:_identify(run_robot) by extensions ['ignore', 'ignore_ament_install']
[0.352s] Level 1:colcon.colcon_core.package_identification:_identify(run_robot) by extension 'ignore'
[0.352s] Level 1:colcon.colcon_core.package_identification:_identify(run_robot) by extension 'ignore_ament_install'
[0.352s] Level 1:colcon.colcon_core.package_identification:_identify(run_robot) by extensions ['colcon_pkg']
[0.352s] Level 1:colcon.colcon_core.package_identification:_identify(run_robot) by extension 'colcon_pkg'
[0.352s] Level 1:colcon.colcon_core.package_identification:_identify(run_robot) by extensions ['colcon_meta']
[0.352s] Level 1:colcon.colcon_core.package_identification:_identify(run_robot) by extension 'colcon_meta'
[0.352s] Level 1:colcon.colcon_core.package_identification:_identify(run_robot) by extensions ['ros']
[0.352s] Level 1:colcon.colcon_core.package_identification:_identify(run_robot) by extension 'ros'
[0.352s] Level 1:colcon.colcon_core.package_identification:_identify(run_robot) by extensions ['cmake', 'python']
[0.352s] Level 1:colcon.colcon_core.package_identification:_identify(run_robot) by extension 'cmake'
[0.352s] Level 1:colcon.colcon_core.package_identification:_identify(run_robot) by extension 'python'
[0.352s] Level 1:colcon.colcon_core.package_identification:_identify(run_robot) by extensions ['python_setup_py']
[0.352s] Level 1:colcon.colcon_core.package_identification:_identify(run_robot) by extension 'python_setup_py'
[0.352s] Level 1:colcon.colcon_core.package_discovery:discover_packages(recursive) using defaults
[0.352s] Level 1:colcon.colcon_core.package_discovery:discover_packages(ignore) discover
[0.352s] Level 1:colcon.colcon_core.package_discovery:discover_packages(ignore) using defaults
[0.352s] Level 1:colcon.colcon_core.package_discovery:discover_packages(path) discover
[0.352s] Level 1:colcon.colcon_core.package_discovery:discover_packages(path) using defaults
[0.368s] Level 1:colcon.colcon_core.package_discovery:discover_packages(prefix_path) check parameters
[0.368s] Level 1:colcon.colcon_core.package_discovery:discover_packages(prefix_path) discover
[0.371s] DEBUG:colcon.colcon_installed_package_information.package_discovery:Found 282 installed packages in /opt/ros/humble
[0.372s] Level 1:colcon.colcon_core.package_discovery:discover_packages(prefix_path) using defaults
[0.414s] Level 5:colcon.colcon_core.verb:set package 'irobot_create_msgs' build argument 'cmake_args' from command line to 'None'
[0.414s] Level 5:colcon.colcon_core.verb:set package 'irobot_create_msgs' build argument 'cmake_target' from command line to 'None'
[0.414s] Level 5:colcon.colcon_core.verb:set package 'irobot_create_msgs' build argument 'cmake_target_skip_unavailable' from command line to 'False'
[0.414s] Level 5:colcon.colcon_core.verb:set package 'irobot_create_msgs' build argument 'cmake_clean_cache' from command line to 'False'
[0.414s] Level 5:colcon.colcon_core.verb:set package 'irobot_create_msgs' build argument 'cmake_clean_first' from command line to 'False'
[0.414s] Level 5:colcon.colcon_core.verb:set package 'irobot_create_msgs' build argument 'cmake_force_configure' from command line to 'False'
[0.414s] Level 5:colcon.colcon_core.verb:set package 'irobot_create_msgs' build argument 'ament_cmake_args' from command line to 'None'
[0.414s] Level 5:colcon.colcon_core.verb:set package 'irobot_create_msgs' build argument 'catkin_cmake_args' from command line to 'None'
[0.414s] Level 5:colcon.colcon_core.verb:set package 'irobot_create_msgs' build argument 'catkin_skip_building_tests' from command line to 'False'
[0.414s] DEBUG:colcon.colcon_core.verb:Building package 'irobot_create_msgs' with the following arguments: {'ament_cmake_args': None, 'build_base': '/home/tarnished-dan22/UofI/bots/build/irobot_create_msgs', 'catkin_cmake_args': None, 'catkin_skip_building_tests': False, 'cmake_args': None, 'cmake_clean_cache': False, 'cmake_clean_first': False, 'cmake_force_configure': False, 'cmake_target': None, 'cmake_target_skip_unavailable': False, 'install_base': '/home/tarnished-dan22/UofI/bots/install/irobot_create_msgs', 'merge_install': False, 'path': '/home/tarnished-dan22/UofI/bots/irobot_create_msgs', 'symlink_install': False, 'test_result_base': None}
[0.414s] INFO:colcon.colcon_core.executor:Executing jobs using 'parallel' executor
[0.417s] DEBUG:colcon.colcon_parallel_executor.executor.parallel:run_until_complete
[0.417s] INFO:colcon.colcon_ros.task.ament_cmake.build:Building ROS package in '/home/tarnished-dan22/UofI/bots/irobot_create_msgs' with build type 'ament_cmake'
[0.417s] INFO:colcon.colcon_cmake.task.cmake.build:Building CMake package in '/home/tarnished-dan22/UofI/bots/irobot_create_msgs'
[0.420s] INFO:colcon.colcon_core.plugin_system:Skipping extension 'colcon_core.shell.bat': Not used on non-Windows systems
[0.420s] INFO:colcon.colcon_core.shell:Skip shell extension 'powershell' for command environment: Not usable outside of PowerShell
[0.420s] DEBUG:colcon.colcon_core.shell:Skip shell extension 'dsv' for command environment
[0.425s] DEBUG:colcon.colcon_core.event_handler.log_command:Invoking command in '/home/tarnished-dan22/UofI/bots/build/irobot_create_msgs': CMAKE_PREFIX_PATH=/opt/ros/humble /usr/bin/cmake /home/tarnished-dan22/UofI/bots/irobot_create_msgs -DCMAKE_INSTALL_PREFIX=/home/tarnished-dan22/UofI/bots/install/irobot_create_msgs
[2.294s] DEBUG:colcon.colcon_core.event_handler.log_command:Invoked command in '/home/tarnished-dan22/UofI/bots/build/irobot_create_msgs' returned '0': CMAKE_PREFIX_PATH=/opt/ros/humble /usr/bin/cmake /home/tarnished-dan22/UofI/bots/irobot_create_msgs -DCMAKE_INSTALL_PREFIX=/home/tarnished-dan22/UofI/bots/install/irobot_create_msgs
[2.295s] DEBUG:colcon.colcon_core.event_handler.log_command:Invoking command in '/home/tarnished-dan22/UofI/bots/build/irobot_create_msgs': CMAKE_PREFIX_PATH=/opt/ros/humble /usr/bin/cmake --build /home/tarnished-dan22/UofI/bots/build/irobot_create_msgs -- -j12 -l12
[25.526s] DEBUG:colcon.colcon_core.event_handler.log_command:Invoked command in '/home/tarnished-dan22/UofI/bots/build/irobot_create_msgs' returned '0': CMAKE_PREFIX_PATH=/opt/ros/humble /usr/bin/cmake --build /home/tarnished-dan22/UofI/bots/build/irobot_create_msgs -- -j12 -l12
[25.821s] DEBUG:colcon.colcon_core.event_handler.log_command:Invoking command in '/home/tarnished-dan22/UofI/bots/build/irobot_create_msgs': CMAKE_PREFIX_PATH=/opt/ros/humble /usr/bin/cmake --install /home/tarnished-dan22/UofI/bots/build/irobot_create_msgs
[25.957s] Level 1:colcon.colcon_core.environment:create_environment_scripts_only(irobot_create_msgs)
[25.958s] DEBUG:colcon.colcon_core.event_handler.log_command:Invoked command in '/home/tarnished-dan22/UofI/bots/build/irobot_create_msgs' returned '0': CMAKE_PREFIX_PATH=/opt/ros/humble /usr/bin/cmake --install /home/tarnished-dan22/UofI/bots/build/irobot_create_msgs
[25.961s] Level 1:colcon.colcon_core.environment:checking '/home/tarnished-dan22/UofI/bots/install/irobot_create_msgs' for CMake module files
[25.961s] Level 1:colcon.colcon_core.environment:checking '/home/tarnished-dan22/UofI/bots/install/irobot_create_msgs' for CMake config files
[25.961s] Level 1:colcon.colcon_core.shell:create_environment_hook('irobot_create_msgs', 'cmake_prefix_path')
[25.962s] INFO:colcon.colcon_core.shell:Creating environment hook '/home/tarnished-dan22/UofI/bots/install/irobot_create_msgs/share/irobot_create_msgs/hook/cmake_prefix_path.ps1'
[25.963s] INFO:colcon.colcon_core.shell:Creating environment descriptor '/home/tarnished-dan22/UofI/bots/install/irobot_create_msgs/share/irobot_create_msgs/hook/cmake_prefix_path.dsv'
[25.963s] INFO:colcon.colcon_core.shell:Creating environment hook '/home/tarnished-dan22/UofI/bots/install/irobot_create_msgs/share/irobot_create_msgs/hook/cmake_prefix_path.sh'
[25.963s] Level 1:colcon.colcon_core.environment:checking '/home/tarnished-dan22/UofI/bots/install/irobot_create_msgs/lib'
[25.964s] Level 1:colcon.colcon_core.shell:create_environment_hook('irobot_create_msgs', 'ld_library_path_lib')
[25.964s] INFO:colcon.colcon_core.shell:Creating environment hook '/home/tarnished-dan22/UofI/bots/install/irobot_create_msgs/share/irobot_create_msgs/hook/ld_library_path_lib.ps1'
[25.965s] INFO:colcon.colcon_core.shell:Creating environment descriptor '/home/tarnished-dan22/UofI/bots/install/irobot_create_msgs/share/irobot_create_msgs/hook/ld_library_path_lib.dsv'
[25.965s] INFO:colcon.colcon_core.shell:Creating environment hook '/home/tarnished-dan22/UofI/bots/install/irobot_create_msgs/share/irobot_create_msgs/hook/ld_library_path_lib.sh'
[25.965s] Level 1:colcon.colcon_core.environment:checking '/home/tarnished-dan22/UofI/bots/install/irobot_create_msgs/bin'
[25.965s] Level 1:colcon.colcon_core.environment:checking '/home/tarnished-dan22/UofI/bots/install/irobot_create_msgs/lib/pkgconfig/irobot_create_msgs.pc'
[25.965s] Level 1:colcon.colcon_core.environment:checking '/home/tarnished-dan22/UofI/bots/install/irobot_create_msgs/lib/python3.10/site-packages'
[25.965s] Level 1:colcon.colcon_core.environment:checking '/home/tarnished-dan22/UofI/bots/install/irobot_create_msgs/bin'
[25.966s] INFO:colcon.colcon_core.shell:Creating package script '/home/tarnished-dan22/UofI/bots/install/irobot_create_msgs/share/irobot_create_msgs/package.ps1'
[25.967s] INFO:colcon.colcon_core.shell:Creating package descriptor '/home/tarnished-dan22/UofI/bots/install/irobot_create_msgs/share/irobot_create_msgs/package.dsv'
[25.967s] INFO:colcon.colcon_core.shell:Creating package script '/home/tarnished-dan22/UofI/bots/install/irobot_create_msgs/share/irobot_create_msgs/package.sh'
[25.968s] INFO:colcon.colcon_core.shell:Creating package script '/home/tarnished-dan22/UofI/bots/install/irobot_create_msgs/share/irobot_create_msgs/package.bash'
[25.968s] INFO:colcon.colcon_core.shell:Creating package script '/home/tarnished-dan22/UofI/bots/install/irobot_create_msgs/share/irobot_create_msgs/package.zsh'
[25.968s] Level 1:colcon.colcon_core.environment:create_file_with_runtime_dependencies(/home/tarnished-dan22/UofI/bots/install/irobot_create_msgs/share/colcon-core/packages/irobot_create_msgs)
[26.266s] Level 1:colcon.colcon_core.environment:create_environment_scripts_only(irobot_create_msgs)
[26.268s] Level 1:colcon.colcon_core.environment:checking '/home/tarnished-dan22/UofI/bots/install/irobot_create_msgs' for CMake module files
[26.268s] Level 1:colcon.colcon_core.environment:checking '/home/tarnished-dan22/UofI/bots/install/irobot_create_msgs' for CMake config files
[26.268s] Level 1:colcon.colcon_core.shell:create_environment_hook('irobot_create_msgs', 'cmake_prefix_path')
[26.269s] INFO:colcon.colcon_core.shell:Creating environment hook '/home/tarnished-dan22/UofI/bots/install/irobot_create_msgs/share/irobot_create_msgs/hook/cmake_prefix_path.ps1'
[26.270s] INFO:colcon.colcon_core.shell:Creating environment descriptor '/home/tarnished-dan22/UofI/bots/install/irobot_create_msgs/share/irobot_create_msgs/hook/cmake_prefix_path.dsv'
[26.270s] INFO:colcon.colcon_core.shell:Creating environment hook '/home/tarnished-dan22/UofI/bots/install/irobot_create_msgs/share/irobot_create_msgs/hook/cmake_prefix_path.sh'
[26.270s] Level 1:colcon.colcon_core.environment:checking '/home/tarnished-dan22/UofI/bots/install/irobot_create_msgs/lib'
[26.270s] Level 1:colcon.colcon_core.shell:create_environment_hook('irobot_create_msgs', 'ld_library_path_lib')
[26.271s] INFO:colcon.colcon_core.shell:Creating environment hook '/home/tarnished-dan22/UofI/bots/install/irobot_create_msgs/share/irobot_create_msgs/hook/ld_library_path_lib.ps1'
[26.271s] INFO:colcon.colcon_core.shell:Creating environment descriptor '/home/tarnished-dan22/UofI/bots/install/irobot_create_msgs/share/irobot_create_msgs/hook/ld_library_path_lib.dsv'
[26.271s] INFO:colcon.colcon_core.shell:Creating environment hook '/home/tarnished-dan22/UofI/bots/install/irobot_create_msgs/share/irobot_create_msgs/hook/ld_library_path_lib.sh'
[26.272s] Level 1:colcon.colcon_core.environment:checking '/home/tarnished-dan22/UofI/bots/install/irobot_create_msgs/bin'
[26.272s] Level 1:colcon.colcon_core.environment:checking '/home/tarnished-dan22/UofI/bots/install/irobot_create_msgs/lib/pkgconfig/irobot_create_msgs.pc'
[26.272s] Level 1:colcon.colcon_core.environment:checking '/home/tarnished-dan22/UofI/bots/install/irobot_create_msgs/lib/python3.10/site-packages'
[26.272s] Level 1:colcon.colcon_core.environment:checking '/home/tarnished-dan22/UofI/bots/install/irobot_create_msgs/bin'
[26.273s] INFO:colcon.colcon_core.shell:Creating package script '/home/tarnished-dan22/UofI/bots/install/irobot_create_msgs/share/irobot_create_msgs/package.ps1'
[26.273s] INFO:colcon.colcon_core.shell:Creating package descriptor '/home/tarnished-dan22/UofI/bots/install/irobot_create_msgs/share/irobot_create_msgs/package.dsv'
[26.274s] INFO:colcon.colcon_core.shell:Creating package script '/home/tarnished-dan22/UofI/bots/install/irobot_create_msgs/share/irobot_create_msgs/package.sh'
[26.274s] INFO:colcon.colcon_core.shell:Creating package script '/home/tarnished-dan22/UofI/bots/install/irobot_create_msgs/share/irobot_create_msgs/package.bash'
[26.274s] INFO:colcon.colcon_core.shell:Creating package script '/home/tarnished-dan22/UofI/bots/install/irobot_create_msgs/share/irobot_create_msgs/package.zsh'
[26.274s] Level 1:colcon.colcon_core.environment:create_file_with_runtime_dependencies(/home/tarnished-dan22/UofI/bots/install/irobot_create_msgs/share/colcon-core/packages/irobot_create_msgs)
[26.274s] DEBUG:colcon.colcon_parallel_executor.executor.parallel:closing loop
[26.275s] DEBUG:colcon.colcon_parallel_executor.executor.parallel:loop closed
[26.275s] DEBUG:colcon.colcon_parallel_executor.executor.parallel:run_until_complete finished with '0'
[26.275s] DEBUG:colcon.colcon_core.event_reactor:joining thread
[26.278s] INFO:colcon.colcon_core.plugin_system:Skipping extension 'colcon_notification.desktop_notification.notify_send': Could not find 'notify-send'
[26.278s] INFO:colcon.colcon_core.plugin_system:Skipping extension 'colcon_notification.desktop_notification.terminal_notifier': Not used on non-Darwin systems
[26.278s] INFO:colcon.colcon_core.plugin_system:Skipping extension 'colcon_notification.desktop_notification.win32': Not used on non-Windows systems
[26.278s] INFO:colcon.colcon_notification.desktop_notification:Sending desktop notification using 'notify2'
[26.289s] DEBUG:colcon.colcon_core.event_reactor:joined thread
[26.291s] INFO:colcon.colcon_core.shell:Creating prefix script '/home/tarnished-dan22/UofI/bots/install/local_setup.ps1'
[26.292s] INFO:colcon.colcon_core.shell:Creating prefix util module '/home/tarnished-dan22/UofI/bots/install/_local_setup_util_ps1.py'
[26.294s] INFO:colcon.colcon_core.shell:Creating prefix chain script '/home/tarnished-dan22/UofI/bots/install/setup.ps1'
[26.295s] INFO:colcon.colcon_core.shell:Creating prefix script '/home/tarnished-dan22/UofI/bots/install/local_setup.sh'
[26.295s] INFO:colcon.colcon_core.shell:Creating prefix util module '/home/tarnished-dan22/UofI/bots/install/_local_setup_util_sh.py'
[26.296s] INFO:colcon.colcon_core.shell:Creating prefix chain script '/home/tarnished-dan22/UofI/bots/install/setup.sh'
[26.297s] INFO:colcon.colcon_core.shell:Creating prefix script '/home/tarnished-dan22/UofI/bots/install/local_setup.bash'
[26.297s] INFO:colcon.colcon_core.shell:Creating prefix chain script '/home/tarnished-dan22/UofI/bots/install/setup.bash'
[26.298s] INFO:colcon.colcon_core.shell:Creating prefix script '/home/tarnished-dan22/UofI/bots/install/local_setup.zsh'
[26.298s] INFO:colcon.colcon_core.shell:Creating prefix chain script '/home/tarnished-dan22/UofI/bots/install/setup.zsh'
