[0.438s] DEBUG:colcon:Command line arguments: ['/usr/bin/colcon', 'build']
[0.438s] DEBUG:colcon:Parsed command line arguments: Namespace(log_base=None, log_level=None, verb_name='build', build_base='build', install_base='install', merge_install=False, symlink_install=False, test_result_base=None, continue_on_error=False, executor='parallel', parallel_workers=12, event_handlers=None, ignore_user_meta=False, metas=['./colcon.meta'], base_paths=['.'], packages_ignore=None, packages_ignore_regex=None, paths=None, packages_up_to=None, packages_up_to_regex=None, packages_above=None, packages_above_and_dependencies=None, packages_above_depth=None, packages_select_by_dep=None, packages_skip_by_dep=None, packages_skip_up_to=None, packages_select_build_failed=False, packages_skip_build_finished=False, packages_select_test_failures=False, packages_skip_test_passed=False, packages_select=None, packages_skip=None, packages_select_regex=None, packages_skip_regex=None, packages_start=None, packages_end=None, allow_overriding=[], cmake_args=None, cmake_target=None, cmake_target_skip_unavailable=False, cmake_clean_cache=False, cmake_clean_first=False, cmake_force_configure=False, ament_cmake_args=None, catkin_cmake_args=None, catkin_skip_building_tests=False, verb_parser=<colcon_defaults.argument_parser.defaults.DefaultArgumentsDecorator object at 0x7f118d0c19f0>, verb_extension=<colcon_core.verb.build.BuildVerb object at 0x7f118d0c1480>, main=<bound method BuildVerb.main of <colcon_core.verb.build.BuildVerb object at 0x7f118d0c1480>>)
[0.477s] Level 1:colcon.colcon_core.package_discovery:discover_packages(colcon_meta) check parameters
[0.477s] Level 1:colcon.colcon_core.package_discovery:discover_packages(recursive) check parameters
[0.477s] Level 1:colcon.colcon_core.package_discovery:discover_packages(ignore) check parameters
[0.477s] Level 1:colcon.colcon_core.package_discovery:discover_packages(path) check parameters
[0.477s] Level 1:colcon.colcon_core.package_discovery:discover_packages(colcon_meta) discover
[0.477s] Level 1:colcon.colcon_core.package_discovery:discover_packages(recursive) discover
[0.477s] INFO:colcon.colcon_core.package_discovery:Crawling recursively for packages in '/home/tarnished-dan22/ADV_ROBOTICS/bots/run_robot'
[0.477s] Level 1:colcon.colcon_core.package_identification:_identify(.) by extensions ['ignore', 'ignore_ament_install']
[0.477s] Level 1:colcon.colcon_core.package_identification:_identify(.) by extension 'ignore'
[0.477s] Level 1:colcon.colcon_core.package_identification:_identify(.) by extension 'ignore_ament_install'
[0.477s] Level 1:colcon.colcon_core.package_identification:_identify(.) by extensions ['colcon_pkg']
[0.477s] Level 1:colcon.colcon_core.package_identification:_identify(.) by extension 'colcon_pkg'
[0.477s] Level 1:colcon.colcon_core.package_identification:_identify(.) by extensions ['colcon_meta']
[0.477s] Level 1:colcon.colcon_core.package_identification:_identify(.) by extension 'colcon_meta'
[0.477s] Level 1:colcon.colcon_core.package_identification:_identify(.) by extensions ['ros']
[0.477s] Level 1:colcon.colcon_core.package_identification:_identify(.) by extension 'ros'
[0.487s] Level 1:colcon.colcon_core.package_identification:_identify(.) by extensions ['cmake', 'python']
[0.487s] Level 1:colcon.colcon_core.package_identification:_identify(.) by extension 'cmake'
[0.487s] Level 1:colcon.colcon_core.package_identification:_identify(.) by extension 'python'
[0.488s] Level 1:colcon.colcon_core.package_identification:_identify(.) by extensions ['python_setup_py']
[0.488s] Level 1:colcon.colcon_core.package_identification:_identify(.) by extension 'python_setup_py'
[0.488s] Level 1:colcon.colcon_core.package_identification:_identify(build) by extensions ['ignore', 'ignore_ament_install']
[0.488s] Level 1:colcon.colcon_core.package_identification:_identify(build) by extension 'ignore'
[0.488s] Level 1:colcon.colcon_core.package_identification:_identify(build) ignored
[0.488s] Level 1:colcon.colcon_core.package_identification:_identify(install) by extensions ['ignore', 'ignore_ament_install']
[0.488s] Level 1:colcon.colcon_core.package_identification:_identify(install) by extension 'ignore'
[0.488s] Level 1:colcon.colcon_core.package_identification:_identify(install) ignored
[0.489s] Level 1:colcon.colcon_core.package_identification:_identify(irobot_create_msgs) by extensions ['ignore', 'ignore_ament_install']
[0.489s] Level 1:colcon.colcon_core.package_identification:_identify(irobot_create_msgs) by extension 'ignore'
[0.489s] Level 1:colcon.colcon_core.package_identification:_identify(irobot_create_msgs) by extension 'ignore_ament_install'
[0.489s] Level 1:colcon.colcon_core.package_identification:_identify(irobot_create_msgs) by extensions ['colcon_pkg']
[0.489s] Level 1:colcon.colcon_core.package_identification:_identify(irobot_create_msgs) by extension 'colcon_pkg'
[0.489s] Level 1:colcon.colcon_core.package_identification:_identify(irobot_create_msgs) by extensions ['colcon_meta']
[0.489s] Level 1:colcon.colcon_core.package_identification:_identify(irobot_create_msgs) by extension 'colcon_meta'
[0.489s] Level 1:colcon.colcon_core.package_identification:_identify(irobot_create_msgs) by extensions ['ros']
[0.489s] Level 1:colcon.colcon_core.package_identification:_identify(irobot_create_msgs) by extension 'ros'
[0.492s] DEBUG:colcon.colcon_core.package_identification:Package 'irobot_create_msgs' with type 'ros.ament_cmake' and name 'irobot_create_msgs'
[0.492s] Level 1:colcon.colcon_core.package_identification:_identify(log) by extensions ['ignore', 'ignore_ament_install']
[0.492s] Level 1:colcon.colcon_core.package_identification:_identify(log) by extension 'ignore'
[0.492s] Level 1:colcon.colcon_core.package_identification:_identify(log) ignored
[0.492s] Level 1:colcon.colcon_core.package_discovery:discover_packages(recursive) using defaults
[0.492s] Level 1:colcon.colcon_core.package_discovery:discover_packages(ignore) discover
[0.492s] Level 1:colcon.colcon_core.package_discovery:discover_packages(ignore) using defaults
[0.492s] Level 1:colcon.colcon_core.package_discovery:discover_packages(path) discover
[0.492s] Level 1:colcon.colcon_core.package_discovery:discover_packages(path) using defaults
[0.521s] Level 1:colcon.colcon_core.package_discovery:discover_packages(prefix_path) check parameters
[0.521s] Level 1:colcon.colcon_core.package_discovery:discover_packages(prefix_path) discover
[0.525s] DEBUG:colcon.colcon_installed_package_information.package_discovery:Found 282 installed packages in /opt/ros/humble
[0.526s] Level 1:colcon.colcon_core.package_discovery:discover_packages(prefix_path) using defaults
[0.570s] Level 5:colcon.colcon_core.verb:set package 'irobot_create_msgs' build argument 'cmake_args' from command line to 'None'
[0.571s] Level 5:colcon.colcon_core.verb:set package 'irobot_create_msgs' build argument 'cmake_target' from command line to 'None'
[0.571s] Level 5:colcon.colcon_core.verb:set package 'irobot_create_msgs' build argument 'cmake_target_skip_unavailable' from command line to 'False'
[0.571s] Level 5:colcon.colcon_core.verb:set package 'irobot_create_msgs' build argument 'cmake_clean_cache' from command line to 'False'
[0.571s] Level 5:colcon.colcon_core.verb:set package 'irobot_create_msgs' build argument 'cmake_clean_first' from command line to 'False'
[0.571s] Level 5:colcon.colcon_core.verb:set package 'irobot_create_msgs' build argument 'cmake_force_configure' from command line to 'False'
[0.571s] Level 5:colcon.colcon_core.verb:set package 'irobot_create_msgs' build argument 'ament_cmake_args' from command line to 'None'
[0.571s] Level 5:colcon.colcon_core.verb:set package 'irobot_create_msgs' build argument 'catkin_cmake_args' from command line to 'None'
[0.571s] Level 5:colcon.colcon_core.verb:set package 'irobot_create_msgs' build argument 'catkin_skip_building_tests' from command line to 'False'
[0.571s] DEBUG:colcon.colcon_core.verb:Building package 'irobot_create_msgs' with the following arguments: {'ament_cmake_args': None, 'build_base': '/home/tarnished-dan22/ADV_ROBOTICS/bots/run_robot/build/irobot_create_msgs', 'catkin_cmake_args': None, 'catkin_skip_building_tests': False, 'cmake_args': None, 'cmake_clean_cache': False, 'cmake_clean_first': False, 'cmake_force_configure': False, 'cmake_target': None, 'cmake_target_skip_unavailable': False, 'install_base': '/home/tarnished-dan22/ADV_ROBOTICS/bots/run_robot/install/irobot_create_msgs', 'merge_install': False, 'path': '/home/tarnished-dan22/ADV_ROBOTICS/bots/run_robot/irobot_create_msgs', 'symlink_install': False, 'test_result_base': None}
[0.571s] INFO:colcon.colcon_core.executor:Executing jobs using 'parallel' executor
[0.573s] DEBUG:colcon.colcon_parallel_executor.executor.parallel:run_until_complete
[0.574s] INFO:colcon.colcon_ros.task.ament_cmake.build:Building ROS package in '/home/tarnished-dan22/ADV_ROBOTICS/bots/run_robot/irobot_create_msgs' with build type 'ament_cmake'
[0.574s] INFO:colcon.colcon_cmake.task.cmake.build:Building CMake package in '/home/tarnished-dan22/ADV_ROBOTICS/bots/run_robot/irobot_create_msgs'
[0.580s] INFO:colcon.colcon_core.plugin_system:Skipping extension 'colcon_core.shell.bat': Not used on non-Windows systems
[0.580s] INFO:colcon.colcon_core.shell:Skip shell extension 'powershell' for command environment: Not usable outside of PowerShell
[0.580s] DEBUG:colcon.colcon_core.shell:Skip shell extension 'dsv' for command environment
[0.586s] DEBUG:colcon.colcon_core.event_handler.log_command:Invoking command in '/home/tarnished-dan22/ADV_ROBOTICS/bots/run_robot/build/irobot_create_msgs': CMAKE_PREFIX_PATH=/opt/ros/humble /usr/bin/cmake --build /home/tarnished-dan22/ADV_ROBOTICS/bots/run_robot/build/irobot_create_msgs -- -j12 -l12
[0.977s] DEBUG:colcon.colcon_core.event_handler.log_command:Invoked command in '/home/tarnished-dan22/ADV_ROBOTICS/bots/run_robot/build/irobot_create_msgs' returned '0': CMAKE_PREFIX_PATH=/opt/ros/humble /usr/bin/cmake --build /home/tarnished-dan22/ADV_ROBOTICS/bots/run_robot/build/irobot_create_msgs -- -j12 -l12
[1.268s] DEBUG:colcon.colcon_core.event_handler.log_command:Invoking command in '/home/tarnished-dan22/ADV_ROBOTICS/bots/run_robot/build/irobot_create_msgs': CMAKE_PREFIX_PATH=/opt/ros/humble /usr/bin/cmake --install /home/tarnished-dan22/ADV_ROBOTICS/bots/run_robot/build/irobot_create_msgs
[1.390s] Level 1:colcon.colcon_core.environment:create_environment_scripts_only(irobot_create_msgs)
[1.391s] DEBUG:colcon.colcon_core.event_handler.log_command:Invoked command in '/home/tarnished-dan22/ADV_ROBOTICS/bots/run_robot/build/irobot_create_msgs' returned '0': CMAKE_PREFIX_PATH=/opt/ros/humble /usr/bin/cmake --install /home/tarnished-dan22/ADV_ROBOTICS/bots/run_robot/build/irobot_create_msgs
[1.398s] Level 1:colcon.colcon_core.environment:checking '/home/tarnished-dan22/ADV_ROBOTICS/bots/run_robot/install/irobot_create_msgs' for CMake module files
[1.398s] Level 1:colcon.colcon_core.environment:checking '/home/tarnished-dan22/ADV_ROBOTICS/bots/run_robot/install/irobot_create_msgs' for CMake config files
[1.398s] Level 1:colcon.colcon_core.shell:create_environment_hook('irobot_create_msgs', 'cmake_prefix_path')
[1.399s] INFO:colcon.colcon_core.shell:Creating environment hook '/home/tarnished-dan22/ADV_ROBOTICS/bots/run_robot/install/irobot_create_msgs/share/irobot_create_msgs/hook/cmake_prefix_path.ps1'
[1.400s] INFO:colcon.colcon_core.shell:Creating environment descriptor '/home/tarnished-dan22/ADV_ROBOTICS/bots/run_robot/install/irobot_create_msgs/share/irobot_create_msgs/hook/cmake_prefix_path.dsv'
[1.401s] INFO:colcon.colcon_core.shell:Creating environment hook '/home/tarnished-dan22/ADV_ROBOTICS/bots/run_robot/install/irobot_create_msgs/share/irobot_create_msgs/hook/cmake_prefix_path.sh'
[1.402s] Level 1:colcon.colcon_core.environment:checking '/home/tarnished-dan22/ADV_ROBOTICS/bots/run_robot/install/irobot_create_msgs/lib'
[1.402s] Level 1:colcon.colcon_core.shell:create_environment_hook('irobot_create_msgs', 'ld_library_path_lib')
[1.403s] INFO:colcon.colcon_core.shell:Creating environment hook '/home/tarnished-dan22/ADV_ROBOTICS/bots/run_robot/install/irobot_create_msgs/share/irobot_create_msgs/hook/ld_library_path_lib.ps1'
[1.404s] INFO:colcon.colcon_core.shell:Creating environment descriptor '/home/tarnished-dan22/ADV_ROBOTICS/bots/run_robot/install/irobot_create_msgs/share/irobot_create_msgs/hook/ld_library_path_lib.dsv'
[1.404s] INFO:colcon.colcon_core.shell:Creating environment hook '/home/tarnished-dan22/ADV_ROBOTICS/bots/run_robot/install/irobot_create_msgs/share/irobot_create_msgs/hook/ld_library_path_lib.sh'
[1.404s] Level 1:colcon.colcon_core.environment:checking '/home/tarnished-dan22/ADV_ROBOTICS/bots/run_robot/install/irobot_create_msgs/bin'
[1.404s] Level 1:colcon.colcon_core.environment:checking '/home/tarnished-dan22/ADV_ROBOTICS/bots/run_robot/install/irobot_create_msgs/lib/pkgconfig/irobot_create_msgs.pc'
[1.404s] Level 1:colcon.colcon_core.environment:checking '/home/tarnished-dan22/ADV_ROBOTICS/bots/run_robot/install/irobot_create_msgs/lib/python3.10/site-packages'
[1.404s] Level 1:colcon.colcon_core.environment:checking '/home/tarnished-dan22/ADV_ROBOTICS/bots/run_robot/install/irobot_create_msgs/bin'
[1.405s] INFO:colcon.colcon_core.shell:Creating package script '/home/tarnished-dan22/ADV_ROBOTICS/bots/run_robot/install/irobot_create_msgs/share/irobot_create_msgs/package.ps1'
[1.406s] INFO:colcon.colcon_core.shell:Creating package descriptor '/home/tarnished-dan22/ADV_ROBOTICS/bots/run_robot/install/irobot_create_msgs/share/irobot_create_msgs/package.dsv'
[1.407s] INFO:colcon.colcon_core.shell:Creating package script '/home/tarnished-dan22/ADV_ROBOTICS/bots/run_robot/install/irobot_create_msgs/share/irobot_create_msgs/package.sh'
[1.408s] INFO:colcon.colcon_core.shell:Creating package script '/home/tarnished-dan22/ADV_ROBOTICS/bots/run_robot/install/irobot_create_msgs/share/irobot_create_msgs/package.bash'
[1.409s] INFO:colcon.colcon_core.shell:Creating package script '/home/tarnished-dan22/ADV_ROBOTICS/bots/run_robot/install/irobot_create_msgs/share/irobot_create_msgs/package.zsh'
[1.410s] Level 1:colcon.colcon_core.environment:create_file_with_runtime_dependencies(/home/tarnished-dan22/ADV_ROBOTICS/bots/run_robot/install/irobot_create_msgs/share/colcon-core/packages/irobot_create_msgs)
[1.686s] Level 1:colcon.colcon_core.environment:create_environment_scripts_only(irobot_create_msgs)
[1.688s] Level 1:colcon.colcon_core.environment:checking '/home/tarnished-dan22/ADV_ROBOTICS/bots/run_robot/install/irobot_create_msgs' for CMake module files
[1.688s] Level 1:colcon.colcon_core.environment:checking '/home/tarnished-dan22/ADV_ROBOTICS/bots/run_robot/install/irobot_create_msgs' for CMake config files
[1.689s] Level 1:colcon.colcon_core.shell:create_environment_hook('irobot_create_msgs', 'cmake_prefix_path')
[1.689s] INFO:colcon.colcon_core.shell:Creating environment hook '/home/tarnished-dan22/ADV_ROBOTICS/bots/run_robot/install/irobot_create_msgs/share/irobot_create_msgs/hook/cmake_prefix_path.ps1'
[1.690s] INFO:colcon.colcon_core.shell:Creating environment descriptor '/home/tarnished-dan22/ADV_ROBOTICS/bots/run_robot/install/irobot_create_msgs/share/irobot_create_msgs/hook/cmake_prefix_path.dsv'
[1.690s] INFO:colcon.colcon_core.shell:Creating environment hook '/home/tarnished-dan22/ADV_ROBOTICS/bots/run_robot/install/irobot_create_msgs/share/irobot_create_msgs/hook/cmake_prefix_path.sh'
[1.690s] Level 1:colcon.colcon_core.environment:checking '/home/tarnished-dan22/ADV_ROBOTICS/bots/run_robot/install/irobot_create_msgs/lib'
[1.690s] Level 1:colcon.colcon_core.shell:create_environment_hook('irobot_create_msgs', 'ld_library_path_lib')
[1.691s] INFO:colcon.colcon_core.shell:Creating environment hook '/home/tarnished-dan22/ADV_ROBOTICS/bots/run_robot/install/irobot_create_msgs/share/irobot_create_msgs/hook/ld_library_path_lib.ps1'
[1.691s] INFO:colcon.colcon_core.shell:Creating environment descriptor '/home/tarnished-dan22/ADV_ROBOTICS/bots/run_robot/install/irobot_create_msgs/share/irobot_create_msgs/hook/ld_library_path_lib.dsv'
[1.692s] INFO:colcon.colcon_core.shell:Creating environment hook '/home/tarnished-dan22/ADV_ROBOTICS/bots/run_robot/install/irobot_create_msgs/share/irobot_create_msgs/hook/ld_library_path_lib.sh'
[1.692s] Level 1:colcon.colcon_core.environment:checking '/home/tarnished-dan22/ADV_ROBOTICS/bots/run_robot/install/irobot_create_msgs/bin'
[1.692s] Level 1:colcon.colcon_core.environment:checking '/home/tarnished-dan22/ADV_ROBOTICS/bots/run_robot/install/irobot_create_msgs/lib/pkgconfig/irobot_create_msgs.pc'
[1.692s] Level 1:colcon.colcon_core.environment:checking '/home/tarnished-dan22/ADV_ROBOTICS/bots/run_robot/install/irobot_create_msgs/lib/python3.10/site-packages'
[1.692s] Level 1:colcon.colcon_core.environment:checking '/home/tarnished-dan22/ADV_ROBOTICS/bots/run_robot/install/irobot_create_msgs/bin'
[1.693s] INFO:colcon.colcon_core.shell:Creating package script '/home/tarnished-dan22/ADV_ROBOTICS/bots/run_robot/install/irobot_create_msgs/share/irobot_create_msgs/package.ps1'
[1.693s] INFO:colcon.colcon_core.shell:Creating package descriptor '/home/tarnished-dan22/ADV_ROBOTICS/bots/run_robot/install/irobot_create_msgs/share/irobot_create_msgs/package.dsv'
[1.694s] INFO:colcon.colcon_core.shell:Creating package script '/home/tarnished-dan22/ADV_ROBOTICS/bots/run_robot/install/irobot_create_msgs/share/irobot_create_msgs/package.sh'
[1.716s] INFO:colcon.colcon_core.shell:Creating package script '/home/tarnished-dan22/ADV_ROBOTICS/bots/run_robot/install/irobot_create_msgs/share/irobot_create_msgs/package.bash'
[1.718s] INFO:colcon.colcon_core.shell:Creating package script '/home/tarnished-dan22/ADV_ROBOTICS/bots/run_robot/install/irobot_create_msgs/share/irobot_create_msgs/package.zsh'
[1.719s] Level 1:colcon.colcon_core.environment:create_file_with_runtime_dependencies(/home/tarnished-dan22/ADV_ROBOTICS/bots/run_robot/install/irobot_create_msgs/share/colcon-core/packages/irobot_create_msgs)
[1.720s] DEBUG:colcon.colcon_parallel_executor.executor.parallel:closing loop
[1.720s] DEBUG:colcon.colcon_parallel_executor.executor.parallel:loop closed
[1.721s] DEBUG:colcon.colcon_parallel_executor.executor.parallel:run_until_complete finished with '0'
[1.721s] DEBUG:colcon.colcon_core.event_reactor:joining thread
[1.734s] INFO:colcon.colcon_core.plugin_system:Skipping extension 'colcon_notification.desktop_notification.notify_send': Could not find 'notify-send'
[1.735s] INFO:colcon.colcon_core.plugin_system:Skipping extension 'colcon_notification.desktop_notification.terminal_notifier': Not used on non-Darwin systems
[1.735s] INFO:colcon.colcon_core.plugin_system:Skipping extension 'colcon_notification.desktop_notification.win32': Not used on non-Windows systems
[1.735s] INFO:colcon.colcon_notification.desktop_notification:Sending desktop notification using 'notify2'
[1.745s] DEBUG:colcon.colcon_core.event_reactor:joined thread
[1.746s] INFO:colcon.colcon_core.shell:Creating prefix script '/home/tarnished-dan22/ADV_ROBOTICS/bots/run_robot/install/local_setup.ps1'
[1.747s] INFO:colcon.colcon_core.shell:Creating prefix util module '/home/tarnished-dan22/ADV_ROBOTICS/bots/run_robot/install/_local_setup_util_ps1.py'
[1.748s] INFO:colcon.colcon_core.shell:Creating prefix chain script '/home/tarnished-dan22/ADV_ROBOTICS/bots/run_robot/install/setup.ps1'
[1.749s] INFO:colcon.colcon_core.shell:Creating prefix script '/home/tarnished-dan22/ADV_ROBOTICS/bots/run_robot/install/local_setup.sh'
[1.750s] INFO:colcon.colcon_core.shell:Creating prefix util module '/home/tarnished-dan22/ADV_ROBOTICS/bots/run_robot/install/_local_setup_util_sh.py'
[1.750s] INFO:colcon.colcon_core.shell:Creating prefix chain script '/home/tarnished-dan22/ADV_ROBOTICS/bots/run_robot/install/setup.sh'
[1.751s] INFO:colcon.colcon_core.shell:Creating prefix script '/home/tarnished-dan22/ADV_ROBOTICS/bots/run_robot/install/local_setup.bash'
[1.752s] INFO:colcon.colcon_core.shell:Creating prefix chain script '/home/tarnished-dan22/ADV_ROBOTICS/bots/run_robot/install/setup.bash'
[1.753s] INFO:colcon.colcon_core.shell:Creating prefix script '/home/tarnished-dan22/ADV_ROBOTICS/bots/run_robot/install/local_setup.zsh'
[1.753s] INFO:colcon.colcon_core.shell:Creating prefix chain script '/home/tarnished-dan22/ADV_ROBOTICS/bots/run_robot/install/setup.zsh'
